This is pdfTeX, Version 3.14159265-2.6-1.40.17 (TeX Live 2016/MacPorts 2016_4) (preloaded format=pdflatex 2016.12.19)  1 MAR 2017 14:58
entering extended mode
 restricted \write18 enabled.
 file:line:error style messages enabled.
 %&-line parsing enabled.
**paper.ltx
(./paper.ltx
LaTeX2e <2016/03/31>
Babel <3.9r> and hyphenation patterns for 47 language(s) loaded.
(/opt/local/share/texmf/tex/latex/seg/geophysics.cls
Document Class: geophysics 2007/02/14 v3.0 Geophysics paper
(/opt/local/share/texmf-texlive/tex/latex/base/ifthen.sty
Package: ifthen 2014/09/29 v1.1c Standard LaTeX ifthen package (DPC)
)
(/opt/local/share/texmf-texlive/tex/latex/base/article.cls
Document Class: article 2014/09/29 v1.4h Standard LaTeX document class
(/opt/local/share/texmf-texlive/tex/latex/base/size12.clo
File: size12.clo 2014/09/29 v1.4h Standard LaTeX file (size option)
)
\c@part=\count79
\c@section=\count80
\c@subsection=\count81
\c@subsubsection=\count82
\c@paragraph=\count83
\c@subparagraph=\count84
\c@figure=\count85
\c@table=\count86
\abovecaptionskip=\skip41
\belowcaptionskip=\skip42
\bibindent=\dimen102
)
(/opt/local/share/texmf/tex/latex/seg/seg.sty
(/opt/local/share/texmf-texlive/tex/generic/oberdiek/ifpdf.sty
Package: ifpdf 2016/05/14 v3.1 Provides the ifpdf switch
)
(/opt/local/share/texmf/tex/latex/graphics/graphicx.sty
Package: graphicx 1999/02/16 v1.0f Enhanced LaTeX Graphics (DPC,SPQR)

(/opt/local/share/texmf/tex/latex/graphics/keyval.sty
Package: keyval 1999/03/16 v1.13 key=value parser (DPC)
\KV@toks@=\toks14
)
(/opt/local/share/texmf/tex/latex/graphics/graphics.sty
Package: graphics 2001/07/07 v1.0n Standard LaTeX Graphics (DPC,SPQR)

(/opt/local/share/texmf/tex/latex/graphics/trig.sty
Package: trig 1999/03/16 v1.09 sin cos tan (DPC)
)
(/opt/local/share/texmf/tex/latex/graphics/graphics.cfg
File: graphics.cfg 2005/02/03 v1.3 graphics configuration of teTeX/TeXLive
)
Package graphics Info: Driver file: pdftex.def on input line 80.

(/opt/local/share/texmf/tex/latex/graphics/pdftex.def
File: pdftex.def 2002/06/19 v0.03k graphics/color for pdftex
\Gread@gobject=\count87
))
\Gin@req@height=\dimen103
\Gin@req@width=\dimen104
)
(/opt/local/share/texmf-texlive/tex/latex/tools/verbatim.sty
Package: verbatim 2014/10/28 v1.5q LaTeX2e package for verbatim enhancements
\every@verbatim=\toks15
\verbatim@line=\toks16
\verbatim@in@stream=\read1
)
(/opt/local/share/texmf/tex/latex/misc/moreverb.sty
Package: moreverb 1997/12/07 v2.2d.2 `more' verbatim facilities
\verbatim@out=\write3
\tab@position=\count88
\tab@size=\count89
\listing@line=\count90
))
\c@@plots=\count91

(/opt/local/share/texmf/tex/latex/misc/subfigure.sty
Package: subfigure 2002/07/30 v2.1.4 subfigure package
\subfigtopskip=\skip43
\subfigcapskip=\skip44
\subfigcaptopadj=\dimen105
\subfigbottomskip=\skip45
\subfigcapmargin=\dimen106
\subfiglabelskip=\skip46
\c@subfigure=\count92
\c@lofdepth=\count93
\c@subtable=\count94
\c@lotdepth=\count95

****************************************
* Local config file subfigure.cfg used *
****************************************
(/opt/local/share/texmf/tex/latex/subfigure/subfigure.cfg)
\subfig@top=\skip47
\subfig@bottom=\skip48
)
\c@sub@fig=\count96
\c@@tabls=\count97

(/opt/local/share/texmf-texlive/tex/latex/natbib/natbib.sty
Package: natbib 2010/09/13 8.31b (PWD, AO)
\bibhang=\skip49
\bibsep=\skip50
LaTeX Info: Redefining \cite on input line 694.
\c@NAT@ctr=\count98
)
LaTeX Info: Redefining \refname on input line 272.
\seg@abstract=\box26
\c@@append=\count99
)
(/Users/bob/Dropbox/tex/teach/gp257/labs/lab6/.texpadtmp/paper.aux)
\openout1 = `paper.aux'.

LaTeX Font Info:    Checking defaults for OML/cmm/m/it on input line 6.
LaTeX Font Info:    ... okay on input line 6.
LaTeX Font Info:    Checking defaults for T1/cmr/m/n on input line 6.
LaTeX Font Info:    ... okay on input line 6.
LaTeX Font Info:    Checking defaults for OT1/cmr/m/n on input line 6.
LaTeX Font Info:    ... okay on input line 6.
LaTeX Font Info:    Checking defaults for OMS/cmsy/m/n on input line 6.
LaTeX Font Info:    ... okay on input line 6.
LaTeX Font Info:    Checking defaults for OMX/cmex/m/n on input line 6.
LaTeX Font Info:    ... okay on input line 6.
LaTeX Font Info:    Checking defaults for U/cmr/m/n on input line 6.
LaTeX Font Info:    ... okay on input line 6.

(/opt/local/share/texmf-texlive/tex/context/base/mkii/supp-pdf.tex
(/opt/local/share/texmf-texlive/tex/context/base/mkii/supp-pdf.mkii
[Loading MPS to PDF converter (version 2006.09.02).]
\scratchcounter=\count100
\scratchdimen=\dimen107
\scratchbox=\box27
\nofMPsegments=\count101
\nofMParguments=\count102
\everyMPshowfont=\toks17
\MPscratchCnt=\count103
\MPscratchDim=\dimen108
\MPnumerator=\count104
\makeMPintoPDFobject=\count105
\everyMPtoPDFconversion=\toks18
))
LaTeX Font Info:    External font `cmex10' loaded for size
(Font)              <12> on input line 42.
LaTeX Font Info:    External font `cmex10' loaded for size
(Font)              <8> on input line 42.
LaTeX Font Info:    External font `cmex10' loaded for size
(Font)              <6> on input line 42.

Overfull \hbox (4.22458pt too wide) in paragraph at lines 42--43
[]\OT1/cmr/m/n/12 Extend the Ping-Pong pro-gram to send mes-sages of size $2[]$
 where [].
 []


Overfull \hbox (1.05687pt too wide) in paragraph at lines 44--45
[]\OT1/cmr/m/n/12 Recompute the mea-sure-ments from (a) with re-plac-ing the in
-di-vid-ual \OT1/cmtt/m/n/12 MPI[]Send()
 []

<./Fig/pingpong_block.pdf, id=1, 449.68pt x 338.26375pt>
File: ./Fig/pingpong_block.pdf Graphic file (type pdf)

<use ./Fig/pingpong_block.pdf>
<./Fig/pingpong_sendrecv.pdf, id=2, 449.68pt x 337.26pt>
File: ./Fig/pingpong_sendrecv.pdf Graphic file (type pdf)

<use ./Fig/pingpong_sendrecv.pdf>

LaTeX Warning: `h' float specifier changed to `ht'.

[1

{/opt/local/var/db/texmf/fonts/map/pdftex/updmap/pdftex.map}]
<./Fig/solution.pdf, id=15, 420.57124pt x 316.18124pt>
File: ./Fig/solution.pdf Graphic file (type pdf)

<use ./Fig/solution.pdf>

LaTeX Warning: `h' float specifier changed to `ht'.

[2 <./Fig/pingpong_block.pdf> <./Fig/pingpong_sendrecv.pdf>] [3 <./Fig/solution
.pdf>]

LaTeX Warning: Reference `fig:q2_decomposition' on page 4 undefined on input li
ne 103.

<./Fig/send.pdf, id=80, 968.61874pt x 148.555pt>
File: ./Fig/send.pdf Graphic file (type pdf)
 <use ./Fig/send.pdf>
<./Fig/time.pdf, id=81, 449.68pt x 338.26375pt>
File: ./Fig/time.pdf Graphic file (type pdf)
 <use ./Fig/time.pdf>
<./Fig/speedup.pdf, id=82, 449.68pt x 338.26375pt>
File: ./Fig/speedup.pdf Graphic file (type pdf)
 <use ./Fig/speedup.pdf>

LaTeX Warning: `h' float specifier changed to `ht'.

[4

 <./Fig/send.pdf>] [5 <./Fig/time.pdf> <./Fig/speedup.pdf>]
(/Users/bob/Dropbox/tex/teach/gp257/labs/lab6/.texpadtmp/paper.aux)

LaTeX Warning: There were undefined references.

 ) 
Here is how much of TeX's memory you used:
 1643 strings out of 494114
 21235 string characters out of 6155600
 75832 words of memory out of 5000000
 5029 multiletter control sequences out of 15000+600000
 7804 words of font info for 28 fonts, out of 8000000 for 9000
 430 hyphenation exceptions out of 8191
 39i,7n,28p,612b,242s stack positions out of 5000i,500n,10000p,200000b,80000s
</opt/local/share/texmf-texlive/fonts/type1/public/amsfonts/cm/cmbx12.pfb></o
pt/local/share/texmf-texlive/fonts/type1/public/amsfonts/cm/cmex10.pfb></opt/lo
cal/share/texmf-texlive/fonts/type1/public/amsfonts/cm/cmmi12.pfb></opt/local/s
hare/texmf-texlive/fonts/type1/public/amsfonts/cm/cmmi8.pfb></opt/local/share/t
exmf-texlive/fonts/type1/public/amsfonts/cm/cmr10.pfb></opt/local/share/texmf-t
exlive/fonts/type1/public/amsfonts/cm/cmr12.pfb></opt/local/share/texmf-texlive
/fonts/type1/public/amsfonts/cm/cmr8.pfb></opt/local/share/texmf-texlive/fonts/
type1/public/amsfonts/cm/cmsy10.pfb></opt/local/share/texmf-texlive/fonts/type1
/public/amsfonts/cm/cmsy8.pfb></opt/local/share/texmf-texlive/fonts/type1/publi
c/amsfonts/cm/cmti12.pfb></opt/local/share/texmf-texlive/fonts/type1/public/ams
fonts/cm/cmtt12.pfb>
Output written on /Users/bob/Dropbox/tex/teach/gp257/labs/lab6/.texpadtmp/paper
.pdf (5 pages, 211181 bytes).
PDF statistics:
 150 PDF objects out of 1000 (max. 8388607)
 113 compressed objects within 2 object streams
 0 named destinations out of 1000 (max. 500000)
 31 words of extra memory for PDF output out of 10000 (max. 10000000)

